<?xml version="1.0" encoding="UTF-8"?>
<!-- Generated by org.testng.reporters.JUnitReportReporter -->
<testsuite hostname="Nam" failures="0" tests="2" name="TestNG.TestAnnotation" time="0.012" errors="0" timestamp="2025-07-21T15:56:08 GMT+07:00" skipped="0">
  <testcase classname="TestNG.TestAnnotation" name="testOneMethod" time="0.010"/>
  <testcase classname="TestNG.TestAnnotation" name="testTwoMethod" time="0.002"/>
</testsuite> <!-- TestNG.TestAnnotation -->
