<?xml version="1.0" encoding="UTF-8"?>
<!-- Generated by org.testng.reporters.JUnitReportReporter -->
<testsuite hostname="Nam" failures="0" tests="1" name="jsExecutor.JsExecutor" time="6.571" errors="0" timestamp="2025-07-26T09:16:23 GMT+07:00" skipped="0">
  <testcase classname="jsExecutor.JsExecutor" name="jsExecutorDemo01" time="6.571"/>
</testsuite> <!-- jsExecutor.JsExecutor -->
