<?xml version="1.0" encoding="UTF-8"?>
<!-- Generated by org.testng.reporters.JUnitReportReporter -->
<testsuite hostname="Nam" failures="0" tests="1" name="thuhanh.ProjectTest" time="3.980" errors="0" timestamp="2025-07-28T13:37:32 GMT+07:00" skipped="0">
  <testcase classname="thuhanh.ProjectTest" name="loginPage" time="3.980"/>
</testsuite> <!-- thuhanh.ProjectTest -->
