<?xml version="1.0" encoding="UTF-8"?>
<!-- Generated by org.testng.reporters.JUnitReportReporter -->
<testsuite hostname="Nam" failures="0" tests="1" name="autofb.AutoFB" time="21.255" errors="0" timestamp="2025-07-24T00:30:42 GMT+07:00" skipped="0">
  <testcase classname="autofb.AutoFB" name="autofb" time="21.255"/>
</testsuite> <!-- autofb.AutoFB -->
