<?xml version="1.0" encoding="UTF-8"?>
<!-- Generated by org.testng.reporters.JUnitReportReporter -->
<testsuite hostname="Nam" failures="0" tests="1" name="wait.ExplicitWait" time="6.544" errors="0" timestamp="2025-07-27T18:32:02 GMT+07:00" skipped="0">
  <testcase classname="wait.ExplicitWait" name="ExplicitWait" time="6.544"/>
</testsuite> <!-- wait.ExplicitWait -->
