<?xml version="1.0" encoding="UTF-8"?>
<!-- Generated by org.testng.reporters.JUnitReportReporter -->
<testsuite hostname="Nam" failures="0" tests="1" name="alertPopupFrame.HandleIFrame" time="2.408" errors="0" timestamp="2025-07-23T16:35:56 GMT+07:00" skipped="0">
  <testcase classname="alertPopupFrame.HandleIFrame" name="IframeDemo" time="2.408"/>
</testsuite> <!-- alertPopupFrame.HandleIFrame -->
